2016-03-30 16:55:11 - PHP Notice:  Undefined index: sort_order in C:\xampp\htdocs\LinuxInstall.com\admin\model\design\banner.php on line 37
2016-03-30 16:55:11 - PHP Notice:  Undefined index: sort_order in C:\xampp\htdocs\LinuxInstall.com\admin\model\design\banner.php on line 37
2016-03-30 16:56:05 - PHP Notice:  Undefined index: sort_order in C:\xampp\htdocs\LinuxInstall.com\admin\model\design\banner.php on line 37
2016-03-30 17:33:23 - PHP Warning:  mail(): Failed to connect to mailserver at &quot;localhost&quot; port 25, verify your &quot;SMTP&quot; and &quot;smtp_port&quot; setting in php.ini or use ini_set() in C:\xampp\htdocs\LinuxInstall.com\system\library\mail.php on line 164
2016-03-30 18:16:48 - PHP Notice:  Undefined index: sort_order in C:\xampp\htdocs\LinuxInstall.com\admin\model\design\banner.php on line 37
2016-03-30 18:18:54 - PHP Notice:  Undefined index: sort_order in C:\xampp\htdocs\LinuxInstall.com\admin\model\design\banner.php on line 37
2016-03-31 1:30:10 - PHP Warning:  unlink(C:/xampp/htdocs/LinuxInstall.com/system/storage/cache/cache.weight_class.2.1459357016): No such file or directory in C:\xampp\htdocs\LinuxInstall.com\system\library\cache\file.php on line 17
2016-04-04 0:52:22 - PHP Warning:  mail(): Failed to connect to mailserver at &quot;localhost&quot; port 25, verify your &quot;SMTP&quot; and &quot;smtp_port&quot; setting in php.ini or use ini_set() in C:\xampp\htdocs\LinuxInstall.com\system\library\mail.php on line 164
2016-04-04 0:54:40 - PHP Warning:  mail(): Failed to connect to mailserver at &quot;localhost&quot; port 25, verify your &quot;SMTP&quot; and &quot;smtp_port&quot; setting in php.ini or use ini_set() in C:\xampp\htdocs\LinuxInstall.com\system\library\mail.php on line 164
2016-04-04 1:04:11 - PHP Notice:  Indirect modification of overloaded property ControllerApiCustomer::$session has no effect in C:\xampp\htdocs\LinuxInstall.com\catalog\controller\api\customer.php on line 7
2016-04-04 1:04:11 - PHP Warning:  Attempt to modify property of non-object in C:\xampp\htdocs\LinuxInstall.com\catalog\controller\api\customer.php on line 7
2016-04-04 1:04:23 - PHP Notice:  Indirect modification of overloaded property ControllerApiCustomer::$session has no effect in C:\xampp\htdocs\LinuxInstall.com\catalog\controller\api\customer.php on line 7
2016-04-04 1:04:23 - PHP Warning:  Attempt to modify property of non-object in C:\xampp\htdocs\LinuxInstall.com\catalog\controller\api\customer.php on line 7
2016-04-04 1:04:27 - PHP Notice:  Indirect modification of overloaded property ControllerApiCustomer::$session has no effect in C:\xampp\htdocs\LinuxInstall.com\catalog\controller\api\customer.php on line 7
2016-04-04 1:04:27 - PHP Warning:  Attempt to modify property of non-object in C:\xampp\htdocs\LinuxInstall.com\catalog\controller\api\customer.php on line 7
2016-04-04 1:04:28 - PHP Notice:  Indirect modification of overloaded property ControllerApiCustomer::$session has no effect in C:\xampp\htdocs\LinuxInstall.com\catalog\controller\api\customer.php on line 7
2016-04-04 1:04:28 - PHP Warning:  Attempt to modify property of non-object in C:\xampp\htdocs\LinuxInstall.com\catalog\controller\api\customer.php on line 7
2016-04-04 1:05:31 - PHP Warning:  mail(): Failed to connect to mailserver at &quot;localhost&quot; port 25, verify your &quot;SMTP&quot; and &quot;smtp_port&quot; setting in php.ini or use ini_set() in C:\xampp\htdocs\LinuxInstall.com\system\library\mail.php on line 164
2016-04-04 1:05:46 - PHP Warning:  mail(): Failed to connect to mailserver at &quot;localhost&quot; port 25, verify your &quot;SMTP&quot; and &quot;smtp_port&quot; setting in php.ini or use ini_set() in C:\xampp\htdocs\LinuxInstall.com\system\library\mail.php on line 164
2016-04-04 1:08:23 - PHP Warning:  mail(): Failed to connect to mailserver at &quot;localhost&quot; port 25, verify your &quot;SMTP&quot; and &quot;smtp_port&quot; setting in php.ini or use ini_set() in C:\xampp\htdocs\LinuxInstall.com\system\library\mail.php on line 164
2016-04-04 1:24:18 - PHP Warning:  mail(): Failed to connect to mailserver at &quot;localhost&quot; port 25, verify your &quot;SMTP&quot; and &quot;smtp_port&quot; setting in php.ini or use ini_set() in C:\xampp\htdocs\LinuxInstall.com\system\library\mail.php on line 164
2016-04-04 1:27:09 - PHP Warning:  mail(): Failed to connect to mailserver at &quot;localhost&quot; port 25, verify your &quot;SMTP&quot; and &quot;smtp_port&quot; setting in php.ini or use ini_set() in C:\xampp\htdocs\LinuxInstall.com\system\library\mail.php on line 164
2016-04-06 2:24:49 - PHP Warning:  mail(): Failed to connect to mailserver at &quot;localhost&quot; port 25, verify your &quot;SMTP&quot; and &quot;smtp_port&quot; setting in php.ini or use ini_set() in C:\xampp\htdocs\LinuxInstall.com\system\library\mail.php on line 164
2016-04-06 17:14:56 - PHP Notice:  Undefined index: sort_order in C:\xampp\htdocs\LinuxInstall.com\admin\model\design\banner.php on line 37
2016-04-06 17:14:56 - PHP Notice:  Undefined index: sort_order in C:\xampp\htdocs\LinuxInstall.com\admin\model\design\banner.php on line 37
2016-04-07 2:43:20 - PHP Warning:  mail(): Failed to connect to mailserver at &quot;localhost&quot; port 25, verify your &quot;SMTP&quot; and &quot;smtp_port&quot; setting in php.ini or use ini_set() in C:\xampp\htdocs\LinuxInstall.com\system\library\mail.php on line 164
2016-04-17 23:27:48 - PHP Warning:  mail(): Failed to connect to mailserver at &quot;localhost&quot; port 25, verify your &quot;SMTP&quot; and &quot;smtp_port&quot; setting in php.ini or use ini_set() in C:\xampp\htdocs\LinuxInstall.com\system\library\mail.php on line 164
2016-04-18 0:13:36 - PHP Warning:  mail(): Failed to connect to mailserver at &quot;localhost&quot; port 25, verify your &quot;SMTP&quot; and &quot;smtp_port&quot; setting in php.ini or use ini_set() in C:\xampp\htdocs\LinuxInstall.com\system\library\mail.php on line 164
2016-04-18 1:52:47 - PHP Warning:  mail(): Failed to connect to mailserver at &quot;localhost&quot; port 25, verify your &quot;SMTP&quot; and &quot;smtp_port&quot; setting in php.ini or use ini_set() in C:\xampp\htdocs\LinuxInstall.com\system\library\mail.php on line 164
